<?xml version="1.0" encoding="UTF-8"?>
<!-- Generated by org.testng.reporters.JUnitReportReporter -->
<testsuite skipped="0" hostname="Home-PC" name="com.inetbanking.testCases.TC_LoginTest_001" tests="1" failures="0" timestamp="18 Mar 2021 07:57:15 GMT" time="2.194" errors="0">
  <testcase name="loginTest" time="2.194" classname="com.inetbanking.testCases.TC_LoginTest_001"/>
</testsuite> <!-- com.inetbanking.testCases.TC_LoginTest_001 -->
