<?xml version="1.0" encoding="UTF-8"?>
<!-- Generated by org.testng.reporters.JUnitReportReporter -->
<testsuite skipped="0" hostname="Home-PC" name="com.gegsc.testCases.TC_LoginTest_001" tests="1" failures="0" timestamp="18 Mar 2021 09:09:48 GMT" time="5.275" errors="0">
  <testcase name="loginTest" time="5.275" classname="com.gegsc.testCases.TC_LoginTest_001"/>
</testsuite> <!-- com.gegsc.testCases.TC_LoginTest_001 -->
